This file contains any messages produced by compilers while
running configure, to aid debugging if configure makes a mistake.

It was created by pmbw configure 0.6.2, which was
generated by GNU Autoconf 2.69.  Invocation command line was

  $ ./configure 

## --------- ##
## Platform. ##
## --------- ##

hostname = JansMacM1.fritz.box
uname -m = arm64
uname -r = 21.3.0
uname -s = Darwin
uname -v = Darwin Kernel Version 21.3.0: Wed Jan  5 21:37:58 PST 2022; root:xnu-8019.80.24~20/RELEASE_ARM64_T6000

/usr/bin/uname -p = arm
/bin/uname -X     = unknown

/bin/arch              = unknown
/usr/bin/arch -k       = unknown
/usr/convex/getsysinfo = unknown
/usr/bin/hostinfo      = Mach kernel version:
	 Darwin Kernel Version 21.3.0: Wed Jan  5 21:37:58 PST 2022; root:xnu-8019.80.24~20/RELEASE_ARM64_T6000
Kernel configured for up to 10 processors.
10 processors are physically available.
10 processors are logically available.
Processor type: arm64e (ARM64E)
Processors active: 0 1 2 3 4 5 6 7 8 9
Primary memory available: 32.00 gigabytes
Default processor set: 637 tasks, 2691 threads, 10 processors
Load average: 1.47, Mach factor: 8.51
/bin/machine           = unknown
/usr/bin/oslevel       = unknown
/bin/universe          = unknown

PATH: /opt/anaconda3/bin
PATH: /Library/Frameworks/GTK+.framework/Resources/bin
PATH: .
PATH: /Users/jan/src/OpenSource/bin
PATH: /usr/texbin
PATH: /usr/local/texlive/2013/bin/universal-darwin
PATH: /opt/CWP/bin
PATH: .
PATH: /opt/DELPHI/bin
PATH: /Users/jan/bin
PATH: /usr/local/bin
PATH: /usr/local/cuda/bin
PATH: /opt/openmpi/bin/
PATH: /opt/local/bin
PATH: /usr/local/bin
PATH: /usr/bin
PATH: /bin
PATH: /usr/sbin
PATH: /sbin
PATH: /Library/TeX/texbin
PATH: /opt/X11/bin
PATH: /Library/Apple/usr/bin
PATH: /Applications/Wireshark.app/Contents/MacOS


## ----------- ##
## Core tests. ##
## ----------- ##

configure:1883: checking build system type
configure:1897: result: arm-apple-darwin21.3.0
configure:1917: checking host system type
configure:1930: result: arm-apple-darwin21.3.0
configure:1950: checking target system type
configure:1963: result: arm-apple-darwin21.3.0
configure:2006: checking for a BSD-compatible install
configure:2074: result: /usr/bin/install -c
configure:2085: checking whether build environment is sane
configure:2140: result: yes
configure:2291: checking for a thread-safe mkdir -p
configure:2330: result: acscripts/install-sh -c -d
configure:2337: checking for gawk
configure:2367: result: no
configure:2337: checking for mawk
configure:2367: result: no
configure:2337: checking for nawk
configure:2367: result: no
configure:2337: checking for awk
configure:2353: found /usr/bin/awk
configure:2364: result: awk
configure:2375: checking whether make sets $(MAKE)
configure:2397: result: yes
configure:2484: checking whether to enable maintainer-specific portions of Makefiles
configure:2493: result: no
configure:2509: checking building for Windows
configure:2519: result: no
configure:2594: checking for g++
configure:2610: found /usr/bin/g++
configure:2621: result: g++
configure:2648: checking for C++ compiler version
configure:2657: g++ --version >&5
Apple clang version 13.0.0 (clang-1300.0.29.30)
Target: arm64-apple-darwin21.3.0
Thread model: posix
InstalledDir: /Applications/Xcode.app/Contents/Developer/Toolchains/XcodeDefault.xctoolchain/usr/bin
Configured with: --prefix=/Applications/Xcode.app/Contents/Developer/usr --with-gxx-include-dir=/Applications/Xcode.app/Contents/Developer/Platforms/MacOSX.platform/Developer/SDKs/MacOSX.sdk/usr/include/c++/4.2.1
configure:2668: $? = 0
configure:2657: g++ -v >&5
Configured with: --prefix=/Applications/Xcode.app/Contents/Developer/usr --with-gxx-include-dir=/Applications/Xcode.app/Contents/Developer/Platforms/MacOSX.platform/Developer/SDKs/MacOSX.sdk/usr/include/c++/4.2.1
Apple clang version 13.0.0 (clang-1300.0.29.30)
Target: arm64-apple-darwin21.3.0
Thread model: posix
InstalledDir: /Applications/Xcode.app/Contents/Developer/Toolchains/XcodeDefault.xctoolchain/usr/bin
configure:2668: $? = 0
configure:2657: g++ -V >&5
clang: error: argument to '-V' is missing (expected 1 value)
clang: error: no input files
configure:2668: $? = 1
configure:2657: g++ -qversion >&5
clang: error: unknown argument '-qversion'; did you mean '--version'?
clang: error: no input files
configure:2668: $? = 1
configure:2688: checking whether the C++ compiler works
configure:2710: g++ -g -O2   conftest.cpp  >&5
configure:2714: $? = 0
configure:2762: result: yes
configure:2765: checking for C++ compiler default output file name
configure:2767: result: a.out
configure:2773: checking for suffix of executables
configure:2780: g++ -o conftest -g -O2   conftest.cpp  >&5
configure:2784: $? = 0
configure:2806: result: 
configure:2828: checking whether we are cross compiling
configure:2836: g++ -o conftest -g -O2   conftest.cpp  >&5
conftest.cpp:16:1: error: unknown type name 'FILE'
FILE *f = fopen ("conftest.out", "w");
^
conftest.cpp:16:11: error: use of undeclared identifier 'fopen'
FILE *f = fopen ("conftest.out", "w");
          ^
2 errors generated.
configure:2840: $? = 1
configure:2847: ./conftest
./configure: line 2849: ./conftest: No such file or directory
configure:2851: $? = 127
configure:2858: error: in `/Users/jan/src/HPCourse/pmbw-0.6.2':
configure:2860: error: cannot run C++ compiled programs.
If you meant to cross compile, use `--host'.
See `config.log' for more details

## ---------------- ##
## Cache variables. ##
## ---------------- ##

ac_cv_build=arm-apple-darwin21.3.0
ac_cv_env_CCC_set=
ac_cv_env_CCC_value=
ac_cv_env_CPPFLAGS_set=
ac_cv_env_CPPFLAGS_value=
ac_cv_env_CXXFLAGS_set=
ac_cv_env_CXXFLAGS_value=
ac_cv_env_CXX_set=
ac_cv_env_CXX_value=
ac_cv_env_LDFLAGS_set=
ac_cv_env_LDFLAGS_value=
ac_cv_env_LIBS_set=
ac_cv_env_LIBS_value=
ac_cv_env_build_alias_set=
ac_cv_env_build_alias_value=
ac_cv_env_host_alias_set=
ac_cv_env_host_alias_value=
ac_cv_env_target_alias_set=
ac_cv_env_target_alias_value=
ac_cv_host=arm-apple-darwin21.3.0
ac_cv_path_install='/usr/bin/install -c'
ac_cv_prog_AWK=awk
ac_cv_prog_ac_ct_CXX=g++
ac_cv_prog_make_make_set=yes
ac_cv_target=arm-apple-darwin21.3.0

## ----------------- ##
## Output variables. ##
## ----------------- ##

ACLOCAL='${SHELL} /Users/jan/src/HPCourse/pmbw-0.6.2/acscripts/missing --run aclocal-1.12'
AMDEPBACKSLASH=''
AMDEP_FALSE=''
AMDEP_TRUE=''
AMTAR='$${TAR-tar}'
AUTOCONF='${SHELL} /Users/jan/src/HPCourse/pmbw-0.6.2/acscripts/missing --run autoconf'
AUTOHEADER='${SHELL} /Users/jan/src/HPCourse/pmbw-0.6.2/acscripts/missing --run autoheader'
AUTOMAKE='${SHELL} /Users/jan/src/HPCourse/pmbw-0.6.2/acscripts/missing --run automake-1.12'
AWK='awk'
CPPFLAGS=''
CXX='g++'
CXXDEPMODE=''
CXXFLAGS='-g -O2'
CYGPATH_W='echo'
DEFS=''
DEPDIR=''
ECHO_C='\c'
ECHO_N=''
ECHO_T=''
EXEEXT=''
INSTALL_DATA='${INSTALL} -m 644'
INSTALL_PROGRAM='${INSTALL}'
INSTALL_SCRIPT='${INSTALL}'
INSTALL_STRIP_PROGRAM='$(install_sh) -c -s'
LDFLAGS=''
LIBOBJS=''
LIBS=''
LTLIBOBJS=''
MAINT='#'
MAINTAINER_MODE_FALSE=''
MAINTAINER_MODE_TRUE='#'
MAKEINFO='${SHELL} /Users/jan/src/HPCourse/pmbw-0.6.2/acscripts/missing --run makeinfo'
MKDIR_P='acscripts/install-sh -c -d'
OBJEXT=''
PACKAGE='pmbw'
PACKAGE_BUGREPORT=''
PACKAGE_NAME='pmbw'
PACKAGE_STRING='pmbw 0.6.2'
PACKAGE_TARNAME='pmbw'
PACKAGE_URL=''
PACKAGE_VERSION='0.6.2'
PATH_SEPARATOR=':'
SET_MAKE=''
SHELL='/bin/sh'
STRIP=''
VERSION='0.6.2'
ac_ct_CXX='g++'
am__EXEEXT_FALSE=''
am__EXEEXT_TRUE=''
am__fastdepCXX_FALSE=''
am__fastdepCXX_TRUE=''
am__include=''
am__isrc=''
am__leading_dot='.'
am__nodep=''
am__quote=''
am__tar='$${TAR-tar} chof - "$$tardir"'
am__untar='$${TAR-tar} xf -'
bindir='${exec_prefix}/bin'
build='arm-apple-darwin21.3.0'
build_alias=''
build_cpu='arm'
build_os='darwin21.3.0'
build_vendor='apple'
datadir='${datarootdir}'
datarootdir='${prefix}/share'
docdir='${datarootdir}/doc/${PACKAGE_TARNAME}'
dvidir='${docdir}'
exec_prefix='NONE'
host='arm-apple-darwin21.3.0'
host_alias=''
host_cpu='arm'
host_os='darwin21.3.0'
host_vendor='apple'
htmldir='${docdir}'
includedir='${prefix}/include'
infodir='${datarootdir}/info'
install_sh='${SHELL} /Users/jan/src/HPCourse/pmbw-0.6.2/acscripts/install-sh'
libdir='${exec_prefix}/lib'
libexecdir='${exec_prefix}/libexec'
localedir='${datarootdir}/locale'
localstatedir='${prefix}/var'
mandir='${datarootdir}/man'
mkdir_p='$(MKDIR_P)'
oldincludedir='/usr/include'
pdfdir='${docdir}'
prefix='NONE'
program_transform_name='s,x,x,'
psdir='${docdir}'
sbindir='${exec_prefix}/sbin'
sharedstatedir='${prefix}/com'
sysconfdir='${prefix}/etc'
target='arm-apple-darwin21.3.0'
target_alias=''
target_cpu='arm'
target_os='darwin21.3.0'
target_vendor='apple'

## ----------- ##
## confdefs.h. ##
## ----------- ##

/* confdefs.h */
#define PACKAGE_NAME "pmbw"
#define PACKAGE_TARNAME "pmbw"
#define PACKAGE_VERSION "0.6.2"
#define PACKAGE_STRING "pmbw 0.6.2"
#define PACKAGE_BUGREPORT ""
#define PACKAGE_URL ""
#define PACKAGE "pmbw"
#define VERSION "0.6.2"
#define ON_WINDOWS false

configure: exit 1
